#
# There is insufficient memory for the Java Runtime Environment to continue.
# Native memory allocation (malloc) failed to allocate 1048576 bytes. Error detail: AllocateHeap
# Possible reasons:
#   The system is out of physical RAM or swap space
#   This process is running with CompressedOops enabled, and the Java Heap may be blocking the growth of the native heap
# Possible solutions:
#   Reduce memory load on the system
#   Increase physical memory or swap space
#   Check if swap backing store is full
#   Decrease Java heap size (-Xmx/-Xms)
#   Decrease number of Java threads
#   Decrease Java thread stack sizes (-Xss)
#   Set larger code cache with -XX:ReservedCodeCacheSize=
#   JVM is running with Unscaled Compressed Oops mode in which the Java heap is
#     placed in the first 4GB address space. The Java Heap base address is the
#     maximum limit for the native heap growth. Please use -XX:HeapBaseMinAddress
#     to set the Java Heap base and to place the Java Heap above 4GB virtual address.
# This output file may be truncated or incomplete.
#
#  Out of Memory Error (allocation.cpp:44), pid=12732, tid=14296
#
# JRE version:  (21.0.9+10) (build )
# Java VM: OpenJDK 64-Bit Server VM (21.0.9+10-LTS, mixed mode, tiered, compressed oops, compressed class ptrs, parallel gc, windows-amd64)
# No core dump will be written. Minidumps are not enabled by default on client versions of Windows
#

---------------  S U M M A R Y ------------

Command Line: --add-modules=ALL-SYSTEM --add-opens=java.base/java.util=ALL-UNNAMED --add-opens=java.base/java.lang=ALL-UNNAMED --add-opens=java.base/sun.nio.fs=ALL-UNNAMED -Declipse.application=org.eclipse.jdt.ls.core.id1 -Dosgi.bundles.defaultStartLevel=4 -Declipse.product=org.eclipse.jdt.ls.core.product -Djava.import.generatesMetadataFilesAtProjectRoot=false -DDetectVMInstallationsJob.disabled=true -Dfile.encoding=utf8 -XX:+UseParallelGC -XX:GCTimeRatio=4 -XX:AdaptiveSizePolicyWeight=90 -Dsun.zip.disableMemoryMapping=true -Xmx2G -Xms100m -Xlog:disable -javaagent:c:\Users\Ce Pc\.vscode\extensions\redhat.java-1.51.0-win32-x64\lombok\lombok-1.18.39-4050.jar c:\Users\Ce Pc\.vscode\extensions\redhat.java-1.51.0-win32-x64\server\plugins\org.eclipse.equinox.launcher_1.7.100.v20251111-0406.jar -configuration c:\Users\Ce Pc\AppData\Roaming\Code\User\globalStorage\redhat.java\1.51.0\config_ss_win -data c:\Users\Ce Pc\AppData\Roaming\Code\User\workspaceStorage\f684e9c7fdcab42c21f9637aae7993a0\redhat.java\ss_ws --pipe=\\.\pipe\lsp-efd9b31af9d2b952c4462316f354347c-sock

Host: Intel(R) Core(TM) i5-1035G1 CPU @ 1.00GHz, 8 cores, 7G,  Windows 11 , 64 bit Build 26100 (10.0.26100.6725)
Time: Tue Jan 13 23:07:49 2026 Afr. centrale Ouest elapsed time: 4.159439 seconds (0d 0h 0m 4s)

---------------  T H R E A D  ---------------

Current thread (0x000002412a0588b0):  JavaThread "Unknown thread" [_thread_in_vm, id=14296, stack(0x000000e871d00000,0x000000e871e00000) (1024K)]

Stack: [0x000000e871d00000,0x000000e871e00000]
Native frames: (J=compiled Java code, j=interpreted, Vv=VM code, C=native code)
V  [jvm.dll+0x6d6e29]


---------------  P R O C E S S  ---------------

Threads class SMR info:
_java_thread_list=0x000002412a09b020, length=1, elements={
0x000002412a0588b0
}

Java Threads: ( => current thread )
=>0x000002412a0588b0 JavaThread "Unknown thread"             [_thread_in_vm, id=14296, stack(0x000000e871d00000,0x000000e871e00000) (1024K)]
Total: 1

Other Threads:
  0x000002412a0de460 WatcherThread "VM Periodic Task Thread"        [id=1840, stack(0x000000e871f00000,0x000000e872000000) (1024K)]
  0x000002412a0908a0 WorkerThread "GC Thread#0"                     [id=1196, stack(0x000000e871e00000,0x000000e871f00000) (1024K)]
Total: 2

Threads with active compile tasks:
Total: 0

VM state: not at safepoint (normal execution)

VM Mutex/Monitor currently owned by a thread: None

Heap address: 0x0000000080000000, size: 2048 MB, Compressed Oops mode: 32-bit

CDS archive(s) not mapped
Compressed class space mapped at: 0x0000000100000000-0x0000000140000000, reserved size: 1073741824
Narrow klass base: 0x0000000000000000, Narrow klass shift: 3, Narrow klass range: 0x140000000

GC Precious Log:
 CardTable entry size: 512
 CPUs: 8 total, 8 available
 Memory: 7930M
 Large Page Support: Disabled
 NUMA Support: Disabled
 Compressed Oops: Enabled (32-bit)
 Alignments: Space 512K, Generation 512K, Heap 2M
 Heap Min Capacity: 100M
 Heap Initial Capacity: 100M
 Heap Max Capacity: 2G
 Pre-touch: Disabled
 Parallel Workers: 8

Heap:
 PSYoungGen      total 29696K, used 512K [0x00000000d5580000, 0x00000000d7680000, 0x0000000100000000)
  eden space 25600K, 2% used [0x00000000d5580000,0x00000000d5600070,0x00000000d6e80000)
  from space 4096K, 0% used [0x00000000d7280000,0x00000000d7280000,0x00000000d7680000)
  to   space 4096K, 0% used [0x00000000d6e80000,0x00000000d6e80000,0x00000000d7280000)
 ParOldGen       total 68608K, used 0K [0x0000000080000000, 0x0000000084300000, 0x00000000d5580000)
  object space 68608K, 0% used [0x0000000080000000,0x0000000080000000,0x0000000084300000)
 Metaspace       used 1394K, committed 1472K, reserved 1114112K
  class space    used 111K, committed 128K, reserved 1048576K

Card table byte_map: [0x000002413dec0000,0x000002413e2d0000] _byte_map_base: 0x000002413dac0000

Marking Bits: (ParMarkBitMap*) 0x00007ffc54482460
 Begin Bits: [0x000002413e580000, 0x0000024140580000)
 End Bits:   [0x0000024140580000, 0x0000024142580000)

Polling page: 0x000002412a180000

Metaspace:

Usage:
  Non-class:      1.25 MB used.
      Class:    111.93 KB used.
       Both:      1.36 MB used.

Virtual space:
  Non-class space:       64.00 MB reserved,       1.31 MB (  2%) committed,  1 nodes.
      Class space:        1.00 GB reserved,     128.00 KB ( <1%) committed,  1 nodes.
             Both:        1.06 GB reserved,       1.44 MB ( <1%) committed. 

Chunk freelists:
   Non-Class:  12.00 MB
       Class:  15.75 MB
        Both:  27.75 MB

MaxMetaspaceSize: unlimited
CompressedClassSpaceSize: 1.00 GB
Initial GC threshold: 21.00 MB
Current GC threshold: 17179869184.00 GB
CDS: off
 - commit_granule_bytes: 65536.
 - commit_granule_words: 8192.
 - virtual_space_node_default_size: 8388608.
 - enlarge_chunks_in_place: 1.
 - use_allocation_guard: 0.


Internal statistics:

num_allocs_failed_limit: 0.
num_arena_births: 2.
num_arena_deaths: 0.
num_vsnodes_births: 2.
num_vsnodes_deaths: 0.
num_space_committed: 23.
num_space_uncommitted: 0.
num_chunks_returned_to_freelist: 0.
num_chunks_taken_from_freelist: 3.
num_chunk_merges: 0.
num_chunk_splits: 2.
num_chunks_enlarged: 0.
num_inconsistent_stats: 0.

CodeHeap 'non-profiled nmethods': size=120000Kb used=0Kb max_used=0Kb free=120000Kb
 bounds [0x00000241367b0000, 0x0000024136a20000, 0x000002413dce0000]
CodeHeap 'profiled nmethods': size=120000Kb used=0Kb max_used=0Kb free=120000Kb
 bounds [0x000002412ece0000, 0x000002412ef50000, 0x0000024136210000]
CodeHeap 'non-nmethods': size=5760Kb used=199Kb max_used=348Kb free=5560Kb
 bounds [0x0000024136210000, 0x0000024136480000, 0x00000241367b0000]
CodeCache: size=245760Kb, used=199Kb, max_used=348Kb, free=245560Kb
 total_blobs=70, nmethods=0, adapters=48, full_count=0
Compilation: enabled, stopped_count=0, restarted_count=0

Compilation events (0 events):
No events

GC Heap History (0 events):
No events

Dll operation events (2 events):
Event: 1.028 Loaded shared library c:\Users\Ce Pc\.vscode\extensions\redhat.java-1.51.0-win32-x64\jre\21.0.9-win32-x86_64\bin\java.dll
Event: 3.077 Loaded shared library c:\Users\Ce Pc\.vscode\extensions\redhat.java-1.51.0-win32-x64\jre\21.0.9-win32-x86_64\bin\zip.dll

Deoptimization events (0 events):
No events

Classes loaded (20 events):
Event: 3.106 Loading class java/util/Iterator
Event: 3.106 Loading class java/util/Iterator done
Event: 3.106 Loading class java/lang/reflect/RecordComponent
Event: 3.106 Loading class java/lang/reflect/RecordComponent done
Event: 3.106 Loading class jdk/internal/vm/vector/VectorSupport
Event: 3.106 Loading class jdk/internal/vm/vector/VectorSupport done
Event: 3.106 Loading class jdk/internal/vm/vector/VectorSupport$VectorPayload
Event: 3.106 Loading class jdk/internal/vm/vector/VectorSupport$VectorPayload done
Event: 3.106 Loading class jdk/internal/vm/vector/VectorSupport$Vector
Event: 3.106 Loading class jdk/internal/vm/vector/VectorSupport$Vector done
Event: 3.106 Loading class jdk/internal/vm/vector/VectorSupport$VectorMask
Event: 3.106 Loading class jdk/internal/vm/vector/VectorSupport$VectorMask done
Event: 3.106 Loading class jdk/internal/vm/vector/VectorSupport$VectorShuffle
Event: 3.106 Loading class jdk/internal/vm/vector/VectorSupport$VectorShuffle done
Event: 3.106 Loading class jdk/internal/vm/FillerObject
Event: 3.106 Loading class jdk/internal/vm/FillerObject done
Event: 3.108 Loading class java/lang/NullPointerException
Event: 3.108 Loading class java/lang/NullPointerException done
Event: 3.108 Loading class java/lang/ArithmeticException
Event: 3.108 Loading class java/lang/ArithmeticException done

Classes unloaded (0 events):
No events

Classes redefined (0 events):
No events

Internal exceptions (0 events):
No events

ZGC Phase Switch (0 events):
No events

VM Operations (0 events):
No events

Memory protections (0 events):
No events

Nmethod flushes (0 events):
No events

Events (1 events):
Event: 3.072 Thread 0x000002412a0588b0 Thread added: 0x000002412a0588b0


Dynamic libraries:
0x00007ff6cf580000 - 0x00007ff6cf58e000 	c:\Users\Ce Pc\.vscode\extensions\redhat.java-1.51.0-win32-x64\jre\21.0.9-win32-x86_64\bin\java.exe
0x00007ffcbd720000 - 0x00007ffcbd988000 	C:\WINDOWS\SYSTEM32\ntdll.dll
0x00007ffcbbfb0000 - 0x00007ffcbc079000 	C:\WINDOWS\System32\KERNEL32.DLL
0x00007ffcbb040000 - 0x00007ffcbb432000 	C:\WINDOWS\System32\KERNELBASE.dll
0x00007ffcba970000 - 0x00007ffcbaabb000 	C:\WINDOWS\System32\ucrtbase.dll
0x00007ffcb3650000 - 0x00007ffcb3668000 	c:\Users\Ce Pc\.vscode\extensions\redhat.java-1.51.0-win32-x64\jre\21.0.9-win32-x86_64\bin\jli.dll
0x00007ffcb36c0000 - 0x00007ffcb36de000 	c:\Users\Ce Pc\.vscode\extensions\redhat.java-1.51.0-win32-x64\jre\21.0.9-win32-x86_64\bin\VCRUNTIME140.dll
0x00007ffcbb550000 - 0x00007ffcbb715000 	C:\WINDOWS\System32\USER32.dll
0x00007ffcba8b0000 - 0x00007ffcba8d7000 	C:\WINDOWS\System32\win32u.dll
0x00007ffca5d60000 - 0x00007ffca5ff3000 	C:\WINDOWS\WinSxS\amd64_microsoft.windows.common-controls_6595b64144ccf1df_6.0.26100.6899_none_3e0efeeae32e88c1\COMCTL32.dll
0x00007ffcbb730000 - 0x00007ffcbb75b000 	C:\WINDOWS\System32\GDI32.dll
0x00007ffcbaf10000 - 0x00007ffcbb03d000 	C:\WINDOWS\System32\gdi32full.dll
0x00007ffcbc1f0000 - 0x00007ffcbc299000 	C:\WINDOWS\System32\msvcrt.dll
0x00007ffcbb440000 - 0x00007ffcbb4e3000 	C:\WINDOWS\System32\msvcp_win.dll
0x00007ffcbbdb0000 - 0x00007ffcbbddf000 	C:\WINDOWS\System32\IMM32.DLL
0x00007ffcb5480000 - 0x00007ffcb548c000 	c:\Users\Ce Pc\.vscode\extensions\redhat.java-1.51.0-win32-x64\jre\21.0.9-win32-x86_64\bin\vcruntime140_1.dll
0x00007ffc9a480000 - 0x00007ffc9a50d000 	c:\Users\Ce Pc\.vscode\extensions\redhat.java-1.51.0-win32-x64\jre\21.0.9-win32-x86_64\bin\msvcp140.dll
0x00007ffc537c0000 - 0x00007ffc54560000 	c:\Users\Ce Pc\.vscode\extensions\redhat.java-1.51.0-win32-x64\jre\21.0.9-win32-x86_64\bin\server\jvm.dll
0x00007ffcbcd50000 - 0x00007ffcbce04000 	C:\WINDOWS\System32\ADVAPI32.dll
0x00007ffcbd630000 - 0x00007ffcbd6d6000 	C:\WINDOWS\System32\sechost.dll
0x00007ffcbc0d0000 - 0x00007ffcbc1e8000 	C:\WINDOWS\System32\RPCRT4.dll
0x00007ffcbbd20000 - 0x00007ffcbbd94000 	C:\WINDOWS\System32\WS2_32.dll
0x00007ffca68b0000 - 0x00007ffca68e5000 	C:\WINDOWS\SYSTEM32\WINMM.dll
0x00007ffcba730000 - 0x00007ffcba78e000 	C:\WINDOWS\SYSTEM32\POWRPROF.dll
0x00007ffcab5c0000 - 0x00007ffcab5cb000 	C:\WINDOWS\SYSTEM32\VERSION.dll
0x00007ffcba710000 - 0x00007ffcba724000 	C:\WINDOWS\SYSTEM32\UMPDC.dll
0x00007ffcb9640000 - 0x00007ffcb965b000 	C:\WINDOWS\SYSTEM32\kernel.appcore.dll
0x00007ffcb3a10000 - 0x00007ffcb3a1a000 	c:\Users\Ce Pc\.vscode\extensions\redhat.java-1.51.0-win32-x64\jre\21.0.9-win32-x86_64\bin\jimage.dll
0x00007ffcb3530000 - 0x00007ffcb353f000 	c:\Users\Ce Pc\.vscode\extensions\redhat.java-1.51.0-win32-x64\jre\21.0.9-win32-x86_64\bin\instrument.dll
0x00007ffcb0a60000 - 0x00007ffcb0a80000 	c:\Users\Ce Pc\.vscode\extensions\redhat.java-1.51.0-win32-x64\jre\21.0.9-win32-x86_64\bin\java.dll
0x00007ffcb06b0000 - 0x00007ffcb06c8000 	c:\Users\Ce Pc\.vscode\extensions\redhat.java-1.51.0-win32-x64\jre\21.0.9-win32-x86_64\bin\zip.dll

JVMTI agents:
c:\Users\Ce Pc\.vscode\extensions\redhat.java-1.51.0-win32-x64\lombok\lombok-1.18.39-4050.jar path:none, loaded, not initialized, instrumentlib options:none

dbghelp: loading error: 1455
symbol engine: initialization error.

VM Arguments:
jvm_args: --add-modules=ALL-SYSTEM --add-opens=java.base/java.util=ALL-UNNAMED --add-opens=java.base/java.lang=ALL-UNNAMED --add-opens=java.base/sun.nio.fs=ALL-UNNAMED -Declipse.application=org.eclipse.jdt.ls.core.id1 -Dosgi.bundles.defaultStartLevel=4 -Declipse.product=org.eclipse.jdt.ls.core.product -Djava.import.generatesMetadataFilesAtProjectRoot=false -DDetectVMInstallationsJob.disabled=true -Dfile.encoding=utf8 -XX:+UseParallelGC -XX:GCTimeRatio=4 -XX:AdaptiveSizePolicyWeight=90 -Dsun.zip.disableMemoryMapping=true -Xmx2G -Xms100m -Xlog:disable -javaagent:c:\Users\Ce Pc\.vscode\extensions\redhat.java-1.51.0-win32-x64\lombok\lombok-1.18.39-4050.jar 
java_command: c:\Users\Ce Pc\.vscode\extensions\redhat.java-1.51.0-win32-x64\server\plugins\org.eclipse.equinox.launcher_1.7.100.v20251111-0406.jar -configuration c:\Users\Ce Pc\AppData\Roaming\Code\User\globalStorage\redhat.java\1.51.0\config_ss_win -data c:\Users\Ce Pc\AppData\Roaming\Code\User\workspaceStorage\f684e9c7fdcab42c21f9637aae7993a0\redhat.java\ss_ws --pipe=\\.\pipe\lsp-efd9b31af9d2b952c4462316f354347c-sock
java_class_path (initial): c:\Users\Ce Pc\.vscode\extensions\redhat.java-1.51.0-win32-x64\server\plugins\org.eclipse.equinox.launcher_1.7.100.v20251111-0406.jar
Launcher Type: SUN_STANDARD

[Global flags]
    uintx AdaptiveSizePolicyWeight                 = 90                                        {product} {command line}
     intx CICompilerCount                          = 4                                         {product} {ergonomic}
    uintx GCTimeRatio                              = 4                                         {product} {command line}
   size_t InitialHeapSize                          = 104857600                                 {product} {command line}
   size_t MaxHeapSize                              = 2147483648                                {product} {command line}
   size_t MaxNewSize                               = 715653120                                 {product} {ergonomic}
   size_t MinHeapDeltaBytes                        = 524288                                    {product} {ergonomic}
   size_t MinHeapSize                              = 104857600                                 {product} {command line}
   size_t NewSize                                  = 34603008                                  {product} {ergonomic}
    uintx NonNMethodCodeHeapSize                   = 5839372                                {pd product} {ergonomic}
    uintx NonProfiledCodeHeapSize                  = 122909434                              {pd product} {ergonomic}
   size_t OldSize                                  = 70254592                                  {product} {ergonomic}
    uintx ProfiledCodeHeapSize                     = 122909434                              {pd product} {ergonomic}
    uintx ReservedCodeCacheSize                    = 251658240                              {pd product} {ergonomic}
     bool SegmentedCodeCache                       = true                                      {product} {ergonomic}
   size_t SoftMaxHeapSize                          = 2147483648                             {manageable} {ergonomic}
     bool UseCompressedOops                        = true                           {product lp64_product} {ergonomic}
     bool UseLargePagesIndividualAllocation        = false                                  {pd product} {ergonomic}
     bool UseParallelGC                            = true                                      {product} {command line}

Logging:
Log output configuration:
 #0: stdout all=off uptime,level,tags foldmultilines=false
 #1: stderr all=off uptime,level,tags foldmultilines=false

Release file:
<release file has not been read>
Environment Variables:
JAVA_HOME=C:\src\jdk-20.0.2
PATH=C:\Program Files\Eclipse Adoptium\jdk-21.0.9.10-hotspot\bin;C:\Python311\Scripts\;C:\Python311\;C:\Program Files (x86)\Common Files\Oracle\Java\javapath;C:\WINDOWS\system32;C:\WINDOWS;C:\WINDOWS\System32\Wbem;C:\WINDOWS\System32\WindowsPowerShell\v1.0\;C:\WINDOWS\System32\OpenSSH\;C:\TDM-GCC-32\bin;C:\Program Files\BlueJ\jdk\bin;C:\ProgramData\chocolatey\bin;C:\Program Files\nodejs\;C:\Program Files\Docker\Docker\resources\bin;C:\Program Files\Git\cmd;C:\Users\Ce Pc\AppData\Local\Microsoft\WindowsApps;C:\Users\Ce Pc\Desktop\TP2\bin;C:\Users\Ce Pc\AppData\Roaming\npm;C:\src\flutter_windows_3.10.6-stable\flutter\bin;C:\Users\Ce Pc\AppData\Local\Programs\Microsoft VS Code\bin;C:\src\dartsdk-windows-ia32-release\dart-sdk\bin;C:\src\jdk-20.0.2\bin;C:\Program Files\apache-maven-3.9.12\bin
USERNAME=Ce Pc
OS=Windows_NT
PROCESSOR_IDENTIFIER=Intel64 Family 6 Model 126 Stepping 5, GenuineIntel
TMP=C:\Users\CEPC~1\AppData\Local\Temp
TEMP=C:\Users\CEPC~1\AppData\Local\Temp




Periodic native trim disabled

---------------  S Y S T E M  ---------------

OS:
 Windows 11 , 64 bit Build 26100 (10.0.26100.6725)
OS uptime: 0 days 2:26 hours
Hyper-V role detected

CPU: total 8 (initial active 8) (4 cores per cpu, 2 threads per core) family 6 model 126 stepping 5 microcode 0xa0, cx8, cmov, fxsr, ht, mmx, 3dnowpref, sse, sse2, sse3, ssse3, sse4.1, sse4.2, popcnt, lzcnt, tsc, tscinvbit, avx, avx2, aes, erms, clmul, bmi1, bmi2, adx, avx512f, avx512dq, avx512cd, avx512bw, avx512vl, sha, fma, vzeroupper, avx512_vpopcntdq, avx512_vpclmulqdq, avx512_vaes, avx512_vnni, clflush, clflushopt, avx512_vbmi2, avx512_vbmi, hv, rdtscp, rdpid, fsrm, gfni, avx512_bitalg, f16c, avx512_ifma
Processor Information for processor 0
  Max Mhz: 1201, Current Mhz: 1000, Mhz Limit: 1201
Processor Information for processor 1
  Max Mhz: 1201, Current Mhz: 1000, Mhz Limit: 1201
Processor Information for processor 2
  Max Mhz: 1201, Current Mhz: 1201, Mhz Limit: 1201
Processor Information for processor 3
  Max Mhz: 1201, Current Mhz: 1000, Mhz Limit: 1201
Processor Information for processor 4
  Max Mhz: 1201, Current Mhz: 1000, Mhz Limit: 1201
Processor Information for processor 5
  Max Mhz: 1201, Current Mhz: 1000, Mhz Limit: 1201
Processor Information for processor 6
  Max Mhz: 1201, Current Mhz: 1000, Mhz Limit: 1201
Processor Information for processor 7
  Max Mhz: 1201, Current Mhz: 1000, Mhz Limit: 1201

Memory: 4k page, system-wide physical 7930M (1668M free)
TotalPageFile size 9978M (AvailPageFile size 3M)
current process WorkingSet (physical memory assigned to process): 16M, peak: 16M
current process commit charge ("private bytes"): 182M, peak: 190M

vm_info: OpenJDK 64-Bit Server VM (21.0.9+10-LTS) for windows-amd64 JRE (21.0.9+10-LTS), built on 2025-10-21T00:00:00Z by "admin" with unknown MS VC++:1942

END.
